<?xml version="1.0" encoding="UTF-8" ?>
<testsuites errors="0"
            failures="1"
            tests="1">

  <testsuite name="main"
    errors="0" failures="1" hostname="" id="" package="main" skipped="0"
    tests="1" time="14.85" timestamp="">
  
    <testcase name="Loading website works" classname="main" time="14.85" assertions="4">

    

    

      <failure message="Testing if element [0;33m&lt;input[data-test=text_firstname]&gt;[0m contains text [0;33m&#39;Robert&#39;[0m in 5000ms - expected [0;32m&#34;contains text &#39;Robert&#39;&#34;[0m but got: [0;31m&#34;does not contain &#39;Robert&#39;&#34;[0m [0;90m(5409ms)[0m">    at Object.Loading website works (C:\Users\Robert.Cicero\Documents\NoteIt-User-Interface\tests\main.js:18:15)
    at process._tickCallback (internal/process/next_tick.js:68:7)</failure>

    
      <failure message="    at Object.Loading website works (C:\Users\Robert.Cicero\Documents\NoteIt-User-Interface\tests\main.js:18:15)">    at process._tickCallback (internal/process/next_tick.js:68:7)</failure>
    </testcase>
  

  

  
  </testsuite>
</testsuites>
